<?xml version="1.0" encoding="UTF-8"?>
<!-- Generated by org.testng.reporters.JUnitXMLReporter -->
<testsuite ignored="0" hostname="Akshay" failures="0" tests="3" name="Submit Order Test" time="15.995" errors="0" timestamp="2024-08-24T16:38:57 IST">
  <testcase classname="akshayy.tests.SubmitOrderTest" name="SubmitOrder" time="3.536"/>
  <testcase classname="akshayy.tests.SubmitOrderTest" name="SubmitOrder" time="3.634"/>
  <testcase classname="akshayy.tests.SubmitOrderTest" name="OrderHistoryTest" time="0.642"/>
</testsuite> <!-- Submit Order Test -->
