<?xml version="1.0" encoding="UTF-8"?>
<!-- Generated by org.testng.reporters.JUnitXMLReporter -->
<testsuite ignored="0" hostname="Akshay" failures="0" tests="2" name="Error Validations Test" time="10.547" errors="0" timestamp="2024-09-07T17:26:02 IST">
  <testcase classname="akshayy.tests.ErrorValidationsTest" name="LoginErrrorValidation" time="1.064"/>
  <testcase classname="akshayy.tests.ErrorValidationsTest" name="ProductErrorValidation" time="2.788"/>
</testsuite> <!-- Error Validations Test -->
