<?xml version="1.0" encoding="UTF-8"?>
<!-- Generated by org.testng.reporters.JUnitXMLReporter -->
<testsuite ignored="0" hostname="Akshay" failures="0" tests="3" name="Submit Order Test" time="15.062" errors="0" timestamp="2024-09-07T17:26:07 IST">
  <testcase classname="akshayy.tests.SubmitOrderTest" name="SubmitOrder" time="3.405"/>
  <testcase classname="akshayy.tests.SubmitOrderTest" name="SubmitOrder" time="3.209"/>
  <testcase classname="akshayy.tests.SubmitOrderTest" name="OrderHistoryTest" time="0.525"/>
</testsuite> <!-- Submit Order Test -->
